<?xml version="1.0" encoding="UTF-8"?>
<!-- Generated by org.testng.reporters.JUnitReportReporter -->
<testsuite skipped="0" hostname="vasu-PC" name="DriverFactory.AppTest" tests="1" failures="0" timestamp="20 May 2019 06:06:45 GMT" time="32.689" errors="0">
  <testcase name="kickStart" time="32.689" classname="DriverFactory.AppTest"/>
</testsuite> <!-- DriverFactory.AppTest -->
